<?xml version="1.0" encoding="UTF-8"?>
<!-- Generated by org.testng.reporters.JUnitReportReporter -->
<testsuite skipped="0" hostname="LAPTOP-35FDJHFT" name="MasterGroup.RestAPITest" tests="1" failures="0" timestamp="2020-04-03T17:45:54 IST" time="0.000" errors="0">
  <testcase name="deletetwitte" time="0.000" classname="MasterGroup.RestAPITest"/>
  <system-out/>
</testsuite> <!-- MasterGroup.RestAPITest -->
