<?xml version="1.0" encoding="UTF-8"?>
<!-- Generated by org.testng.reporters.JUnitReportReporter -->
<testsuite skipped="0" hostname="LAPTOP-35FDJHFT" name="MasterGroup.AppiumTest" tests="1" failures="0" timestamp="2020-04-03T17:45:54 IST" time="0.016" errors="0">
  <testcase name="iOSApps" time="0.016" classname="MasterGroup.AppiumTest"/>
  <system-out/>
</testsuite> <!-- MasterGroup.AppiumTest -->
